<?xml version="1.0" encoding="UTF-8"?>
<!-- Generated by org.testng.reporters.JUnitXMLReporter -->
<testsuite hostname="VAIO" ignored="0" name="Test" tests="3" failures="0" timestamp="20 Jun 2020 12:16:58 GMT" time="32.759" errors="0">
  <testcase name="verifyPage" time="0.248" classname="testcases.TC_002"/>
  <testcase name="loginToApplication" time="16.806" classname="testcases.TC_002"/>
  <testcase name="logoutFromApplication" time="2.483" classname="testcases.TC_002"/>
</testsuite> <!-- Test -->
